{"name": "test_check_updated_status", "status": "failed", "statusDetails": {"message": "AssertionError: assert None == 'sold'\n +  where None = <built-in method get of dict object at 0x0000019A2A2BFE80>('status')\n +    where <built-in method get of dict object at 0x0000019A2A2BFE80> = {'code': 1, 'message': 'Pet not found', 'type': 'error'}.get", "trace": "self = <test_directory.test_pet.Test_update_pet_byId object at 0x0000019A2A2597F0>\n\n    def test_check_updated_status(self):\n        \"\"\"Test update status is sold\"\"\"\n        get_url = 'https://petstore.swagger.io/v2/pet/' + str(self.value_id)\n        get_pet_response = json.loads(requests.get(get_url).content)\n>       assert get_pet_response.get(\"status\") == \"sold\"\nE       AssertionError: assert None == 'sold'\nE        +  where None = <built-in method get of dict object at 0x0000019A2A2BFE80>('status')\nE        +    where <built-in method get of dict object at 0x0000019A2A2BFE80> = {'code': 1, 'message': 'Pet not found', 'type': 'error'}.get\n\ntest_directory\\test_pet.py:120: AssertionError"}, "description": "Test update status is sold", "start": 1695575972052, "stop": 1695575972626, "uuid": "01a74842-92ea-4977-ad09-bd0b4b0b56f7", "historyId": "78124caa8f10c40a1234a320f742f2aa", "testCaseId": "78124caa8f10c40a1234a320f742f2aa", "fullName": "test_directory.test_pet.Test_update_pet_byId#test_check_updated_status", "labels": [{"name": "tag", "value": "update"}, {"name": "parentSuite", "value": "test_directory"}, {"name": "suite", "value": "test_pet"}, {"name": "subSuite", "value": "Test_update_pet_byId"}, {"name": "host", "value": "DESKTOP-LFQ4DBO"}, {"name": "thread", "value": "14980-MainThread"}, {"name": "framework", "value": "pytest"}, {"name": "language", "value": "cpython3"}, {"name": "package", "value": "test_directory.test_pet"}]}